# JRE version: OpenJDK Runtime Environment (8.0_162-b12) (build 1.8.0_162-8u162-b12-0ubuntu0.17.10.2-b12)
# Java VM: OpenJDK 64-Bit Server VM (25.162-b12 mixed mode linux-amd64 compressed oops)
Heap:
 PSYoungGen      total 699392K, used 496493K [0x0000000780000000, 0x00000007c0000000, 0x00000007c0000000)
  eden space 350208K, 100% used [0x0000000780000000,0x0000000795600000,0x0000000795600000)
  from space 349184K, 41% used [0x0000000795600000,0x000000079e4db570,0x00000007aab00000)
  to   space 349184K, 0% used [0x00000007aab00000,0x00000007aab00000,0x00000007c0000000)
 ParOldGen       total 1646080K, used 1368659K [0x0000000700000000, 0x0000000764780000, 0x0000000780000000)
  object space 1646080K, 83% used [0x0000000700000000,0x0000000753894e90,0x0000000764780000)
 Metaspace       used 91610K, capacity 92626K, committed 92760K, reserved 1128448K
  class space    used 13695K, capacity 13950K, committed 13952K, reserved 1048576K
GC Heap History (10 events):
Event: 941,973 GC heap before
{Heap before GC invocations=2071 (full 10):
 PSYoungGen      total 699392K, used 349158K [0x0000000780000000, 0x00000007c0000000, 0x00000007c0000000)
  eden space 350208K, 0% used [0x0000000780000000,0x0000000780000000,0x0000000795600000)
  from space 349184K, 99% used [0x0000000795600000,0x00000007aaaf9870,0x00000007aab00000)
  to   space 349184K, 0% used [0x00000007aab00000,0x00000007aab00000,0x00000007c0000000)
 ParOldGen       total 1069056K, used 916617K [0x0000000700000000, 0x0000000741400000, 0x0000000780000000)
  object space 1069056K, 85% used [0x0000000700000000,0x0000000737f22518,0x0000000741400000)
 Metaspace       used 91608K, capacity 92626K, committed 92760K, reserved 1128448K
  class space    used 13695K, capacity 13950K, committed 13952K, reserved 1048576K
Event: 942,294 GC heap after
Heap after GC invocations=2071 (full 10):
 PSYoungGen      total 699392K, used 0K [0x0000000780000000, 0x00000007c0000000, 0x00000007c0000000)
  eden space 350208K, 0% used [0x0000000780000000,0x0000000780000000,0x0000000795600000)
  from space 349184K, 0% used [0x0000000795600000,0x0000000795600000,0x00000007aab00000)
  to   space 349184K, 0% used [0x00000007aab00000,0x00000007aab00000,0x00000007c0000000)
 ParOldGen       total 1319936K, used 994753K [0x0000000700000000, 0x0000000750900000, 0x0000000780000000)
  object space 1319936K, 75% used [0x0000000700000000,0x000000073cb70678,0x0000000750900000)
 Metaspace       used 91608K, capacity 92626K, committed 92760K, reserved 1128448K
  class space    used 13695K, capacity 13950K, committed 13952K, reserved 1048576K
}
Event: 942,677 GC heap before
{Heap before GC invocations=2072 (full 10):
 PSYoungGen      total 699392K, used 350208K [0x0000000780000000, 0x00000007c0000000, 0x00000007c0000000)
  eden space 350208K, 100% used [0x0000000780000000,0x0000000795600000,0x0000000795600000)
  from space 349184K, 0% used [0x0000000795600000,0x0000000795600000,0x00000007aab00000)
  to   space 349184K, 0% used [0x00000007aab00000,0x00000007aab00000,0x00000007c0000000)
 ParOldGen       total 1319936K, used 994768K [0x0000000700000000, 0x0000000750900000, 0x0000000780000000)
  object space 1319936K, 75% used [0x0000000700000000,0x000000073cb743c8,0x0000000750900000)
 Metaspace       used 91609K, capacity 92626K, committed 92760K, reserved 1128448K
  class space    used 13695K, capacity 13950K, committed 13952K, reserved 1048576K
Event: 942,710 GC heap after
Heap after GC invocations=2072 (full 10):
 PSYoungGen      total 699392K, used 205760K [0x0000000780000000, 0x00000007c0000000, 0x00000007c0000000)
  eden space 350208K, 0% used [0x0000000780000000,0x0000000780000000,0x0000000795600000)
  from space 349184K, 58% used [0x00000007aab00000,0x00000007b73f0020,0x00000007c0000000)
  to   space 349184K, 0% used [0x0000000795600000,0x0000000795600000,0x00000007aab00000)
 ParOldGen       total 1319936K, used 994768K [0x0000000700000000, 0x0000000750900000, 0x0000000780000000)
  object space 1319936K, 75% used [0x0000000700000000,0x000000073cb743c8,0x0000000750900000)
 Metaspace       used 91609K, capacity 92626K, committed 92760K, reserved 1128448K
  class space    used 13695K, capacity 13950K, committed 13952K, reserved 1048576K
}
Event: 944,917 GC heap before
{Heap before GC invocations=2073 (full 10):
 PSYoungGen      total 699392K, used 555968K [0x0000000780000000, 0x00000007c0000000, 0x00000007c0000000)
  eden space 350208K, 100% used [0x0000000780000000,0x0000000795600000,0x0000000795600000)
  from space 349184K, 58% used [0x00000007aab00000,0x00000007b73f0020,0x00000007c0000000)
  to   space 349184K, 0% used [0x0000000795600000,0x0000000795600000,0x00000007aab00000)
 ParOldGen       total 1646080K, used 1320403K [0x0000000700000000, 0x0000000764780000, 0x0000000780000000)
  object space 1646080K, 80% used [0x0000000700000000,0x0000000750974db0,0x0000000764780000)
 Metaspace       used 91610K, capacity 92626K, committed 92760K, reserved 1128448K
  class space    used 13695K, capacity 13950K, committed 13952K, reserved 1048576K
Event: 945,118 GC heap after
Heap after GC invocations=2073 (full 10):
 PSYoungGen      total 699392K, used 48690K [0x0000000780000000, 0x00000007c0000000, 0x00000007c0000000)
  eden space 350208K, 0% used [0x0000000780000000,0x0000000780000000,0x0000000795600000)
  from space 349184K, 13% used [0x0000000795600000,0x000000079858cbc0,0x00000007aab00000)
  to   space 349184K, 0% used [0x00000007aab00000,0x00000007aab00000,0x00000007c0000000)
 ParOldGen       total 1646080K, used 1320403K [0x0000000700000000, 0x0000000764780000, 0x0000000780000000)
  object space 1646080K, 80% used [0x0000000700000000,0x0000000750974db0,0x0000000764780000)
 Metaspace       used 91610K, capacity 92626K, committed 92760K, reserved 1128448K
  class space    used 13695K, capacity 13950K, committed 13952K, reserved 1048576K
}
Event: 945,529 GC heap before
{Heap before GC invocations=2074 (full 10):
 PSYoungGen      total 699392K, used 398898K [0x0000000780000000, 0x00000007c0000000, 0x00000007c0000000)
  eden space 350208K, 100% used [0x0000000780000000,0x0000000795600000,0x0000000795600000)
  from space 349184K, 13% used [0x0000000795600000,0x000000079858cbc0,0x00000007aab00000)
  to   space 349184K, 0% used [0x00000007aab00000,0x00000007aab00000,0x00000007c0000000)
 ParOldGen       total 1646080K, used 1320404K [0x0000000700000000, 0x0000000764780000, 0x0000000780000000)
  object space 1646080K, 80% used [0x0000000700000000,0x0000000750975288,0x0000000764780000)
 Metaspace       used 91610K, capacity 92626K, committed 92760K, reserved 1128448K
  class space    used 13695K, capacity 13950K, committed 13952K, reserved 1048576K
Event: 945,564 GC heap after
Heap after GC invocations=2074 (full 10):
 PSYoungGen      total 699392K, used 121938K [0x0000000780000000, 0x00000007c0000000, 0x00000007c0000000)
  eden space 350208K, 0% used [0x0000000780000000,0x0000000780000000,0x0000000795600000)
  from space 349184K, 34% used [0x00000007aab00000,0x00000007b2214820,0x00000007c0000000)
  to   space 349184K, 0% used [0x0000000795600000,0x0000000795600000,0x00000007aab00000)
 ParOldGen       total 1646080K, used 1320404K [0x0000000700000000, 0x0000000764780000, 0x0000000780000000)
  object space 1646080K, 80% used [0x0000000700000000,0x0000000750975288,0x0000000764780000)
 Metaspace       used 91610K, capacity 92626K, committed 92760K, reserved 1128448K
  class space    used 13695K, capacity 13950K, committed 13952K, reserved 1048576K
}
Event: 945,824 GC heap before
{Heap before GC invocations=2075 (full 10):
 PSYoungGen      total 699392K, used 472146K [0x0000000780000000, 0x00000007c0000000, 0x00000007c0000000)
  eden space 350208K, 100% used [0x0000000780000000,0x0000000795600000,0x0000000795600000)
  from space 349184K, 34% used [0x00000007aab00000,0x00000007b2214820,0x00000007c0000000)
  to   space 349184K, 0% used [0x0000000795600000,0x0000000795600000,0x00000007aab00000)
 ParOldGen       total 1646080K, used 1320414K [0x0000000700000000, 0x0000000764780000, 0x0000000780000000)
  object space 1646080K, 80% used [0x0000000700000000,0x0000000750977a10,0x0000000764780000)
 Metaspace       used 91610K, capacity 92626K, committed 92760K, reserved 1128448K
  class space    used 13695K, capacity 13950K, committed 13952K, reserved 1048576K
Event: 945,886 GC heap after
Heap after GC invocations=2075 (full 10):
 PSYoungGen      total 699392K, used 146285K [0x0000000780000000, 0x00000007c0000000, 0x00000007c0000000)
  eden space 350208K, 0% used [0x0000000780000000,0x0000000780000000,0x0000000795600000)
  from space 349184K, 41% used [0x0000000795600000,0x000000079e4db570,0x00000007aab00000)
  to   space 349184K, 0% used [0x00000007aab00000,0x00000007aab00000,0x00000007c0000000)
 ParOldGen       total 1646080K, used 1368659K [0x0000000700000000, 0x0000000764780000, 0x0000000780000000)
  object space 1646080K, 83% used [0x0000000700000000,0x0000000753894e90,0x0000000764780000)
 Metaspace       used 91610K, capacity 92626K, committed 92760K, reserved 1128448K
  class space    used 13695K, capacity 13950K, committed 13952K, reserved 1048576K
}

