# JRE version: OpenJDK Runtime Environment (8.0_162-b12) (build 1.8.0_162-8u162-b12-0ubuntu0.17.10.2-b12)
# Java VM: OpenJDK 64-Bit Server VM (25.162-b12 mixed mode linux-amd64 compressed oops)
Heap:
 PSYoungGen      total 925696K, used 342665K [0x000000076ab00000, 0x00000007be600000, 0x00000007c0000000)
  eden space 465920K, 58% used [0x000000076ab00000,0x000000077b60a5b8,0x0000000787200000)
  from space 459776K, 15% used [0x0000000787200000,0x000000078b598020,0x00000007a3300000)
  to   space 443392K, 0% used [0x00000007a3500000,0x00000007a3500000,0x00000007be600000)
 ParOldGen       total 1411072K, used 978912K [0x00000006c0000000, 0x0000000716200000, 0x000000076ab00000)
  object space 1411072K, 69% used [0x00000006c0000000,0x00000006fbbf8378,0x0000000716200000)
 Metaspace       used 91751K, capacity 92754K, committed 92760K, reserved 1128448K
  class space    used 13695K, capacity 13950K, committed 13952K, reserved 1048576K
GC Heap History (10 events):
Event: 410,293 GC heap before
{Heap before GC invocations=817 (full 10):
 PSYoungGen      total 931840K, used 465920K [0x000000076ab00000, 0x00000007c0000000, 0x00000007c0000000)
  eden space 465920K, 100% used [0x000000076ab00000,0x0000000787200000,0x0000000787200000)
  from space 465920K, 0% used [0x00000007a3900000,0x00000007a3900000,0x00000007c0000000)
  to   space 465920K, 0% used [0x0000000787200000,0x0000000787200000,0x00000007a3900000)
 ParOldGen       total 1411072K, used 888736K [0x00000006c0000000, 0x0000000716200000, 0x000000076ab00000)
  object space 1411072K, 62% used [0x00000006c0000000,0x00000006f63e82f0,0x0000000716200000)
 Metaspace       used 91751K, capacity 92754K, committed 92760K, reserved 1128448K
  class space    used 13695K, capacity 13950K, committed 13952K, reserved 1048576K
Event: 410,319 GC heap after
Heap after GC invocations=817 (full 10):
 PSYoungGen      total 931840K, used 72960K [0x000000076ab00000, 0x00000007c0000000, 0x00000007c0000000)
  eden space 465920K, 0% used [0x000000076ab00000,0x000000076ab00000,0x0000000787200000)
  from space 465920K, 15% used [0x0000000787200000,0x000000078b940040,0x00000007a3900000)
  to   space 465920K, 0% used [0x00000007a3900000,0x00000007a3900000,0x00000007c0000000)
 ParOldGen       total 1411072K, used 888736K [0x00000006c0000000, 0x0000000716200000, 0x000000076ab00000)
  object space 1411072K, 62% used [0x00000006c0000000,0x00000006f63e82f0,0x0000000716200000)
 Metaspace       used 91751K, capacity 92754K, committed 92760K, reserved 1128448K
  class space    used 13695K, capacity 13950K, committed 13952K, reserved 1048576K
}
Event: 410,554 GC heap before
{Heap before GC invocations=818 (full 10):
 PSYoungGen      total 931840K, used 538880K [0x000000076ab00000, 0x00000007c0000000, 0x00000007c0000000)
  eden space 465920K, 100% used [0x000000076ab00000,0x0000000787200000,0x0000000787200000)
  from space 465920K, 15% used [0x0000000787200000,0x000000078b940040,0x00000007a3900000)
  to   space 465920K, 0% used [0x00000007a3900000,0x00000007a3900000,0x00000007c0000000)
 ParOldGen       total 1411072K, used 888739K [0x00000006c0000000, 0x0000000716200000, 0x000000076ab00000)
  object space 1411072K, 62% used [0x00000006c0000000,0x00000006f63e8e98,0x0000000716200000)
 Metaspace       used 91751K, capacity 92754K, committed 92760K, reserved 1128448K
  class space    used 13695K, capacity 13950K, committed 13952K, reserved 1048576K
Event: 410,583 GC heap after
Heap after GC invocations=818 (full 10):
 PSYoungGen      total 931840K, used 70176K [0x000000076ab00000, 0x00000007c0000000, 0x00000007c0000000)
  eden space 465920K, 0% used [0x000000076ab00000,0x000000076ab00000,0x0000000787200000)
  from space 465920K, 15% used [0x00000007a3900000,0x00000007a7d88040,0x00000007c0000000)
  to   space 465920K, 0% used [0x0000000787200000,0x0000000787200000,0x00000007a3900000)
 ParOldGen       total 1411072K, used 888739K [0x00000006c0000000, 0x0000000716200000, 0x000000076ab00000)
  object space 1411072K, 62% used [0x00000006c0000000,0x00000006f63e8e98,0x0000000716200000)
 Metaspace       used 91751K, capacity 92754K, committed 92760K, reserved 1128448K
  class space    used 13695K, capacity 13950K, committed 13952K, reserved 1048576K
}
Event: 410,803 GC heap before
{Heap before GC invocations=819 (full 10):
 PSYoungGen      total 931840K, used 536096K [0x000000076ab00000, 0x00000007c0000000, 0x00000007c0000000)
  eden space 465920K, 100% used [0x000000076ab00000,0x0000000787200000,0x0000000787200000)
  from space 465920K, 15% used [0x00000007a3900000,0x00000007a7d88040,0x00000007c0000000)
  to   space 465920K, 0% used [0x0000000787200000,0x0000000787200000,0x00000007a3900000)
 ParOldGen       total 1411072K, used 888743K [0x00000006c0000000, 0x0000000716200000, 0x000000076ab00000)
  object space 1411072K, 62% used [0x00000006c0000000,0x00000006f63e9e40,0x0000000716200000)
 Metaspace       used 91751K, capacity 92754K, committed 92760K, reserved 1128448K
  class space    used 13695K, capacity 13950K, committed 13952K, reserved 1048576K
Event: 410,837 GC heap after
Heap after GC invocations=819 (full 10):
 PSYoungGen      total 931840K, used 53600K [0x000000076ab00000, 0x00000007c0000000, 0x00000007c0000000)
  eden space 465920K, 0% used [0x000000076ab00000,0x000000076ab00000,0x0000000787200000)
  from space 465920K, 11% used [0x0000000787200000,0x000000078a658030,0x00000007a3900000)
  to   space 465920K, 0% used [0x00000007a3900000,0x00000007a3900000,0x00000007c0000000)
 ParOldGen       total 1411072K, used 923535K [0x00000006c0000000, 0x0000000716200000, 0x000000076ab00000)
  object space 1411072K, 65% used [0x00000006c0000000,0x00000006f85e3e50,0x0000000716200000)
 Metaspace       used 91751K, capacity 92754K, committed 92760K, reserved 1128448K
  class space    used 13695K, capacity 13950K, committed 13952K, reserved 1048576K
}
Event: 411,063 GC heap before
{Heap before GC invocations=820 (full 10):
 PSYoungGen      total 931840K, used 519520K [0x000000076ab00000, 0x00000007c0000000, 0x00000007c0000000)
  eden space 465920K, 100% used [0x000000076ab00000,0x0000000787200000,0x0000000787200000)
  from space 465920K, 11% used [0x0000000787200000,0x000000078a658030,0x00000007a3900000)
  to   space 465920K, 0% used [0x00000007a3900000,0x00000007a3900000,0x00000007c0000000)
 ParOldGen       total 1411072K, used 923535K [0x00000006c0000000, 0x0000000716200000, 0x000000076ab00000)
  object space 1411072K, 65% used [0x00000006c0000000,0x00000006f85e3e50,0x0000000716200000)
 Metaspace       used 91751K, capacity 92754K, committed 92760K, reserved 1128448K
  class space    used 13695K, capacity 13950K, committed 13952K, reserved 1048576K
Event: 411,089 GC heap after
Heap after GC invocations=820 (full 10):
 PSYoungGen      total 919552K, used 74304K [0x000000076ab00000, 0x00000007bf400000, 0x00000007c0000000)
  eden space 465920K, 0% used [0x000000076ab00000,0x000000076ab00000,0x0000000787200000)
  from space 453632K, 16% used [0x00000007a3900000,0x00000007a8190040,0x00000007bf400000)
  to   space 459776K, 0% used [0x0000000787200000,0x0000000787200000,0x00000007a3300000)
 ParOldGen       total 1411072K, used 923543K [0x00000006c0000000, 0x0000000716200000, 0x000000076ab00000)
  object space 1411072K, 65% used [0x00000006c0000000,0x00000006f85e5e50,0x0000000716200000)
 Metaspace       used 91751K, capacity 92754K, committed 92760K, reserved 1128448K
  class space    used 13695K, capacity 13950K, committed 13952K, reserved 1048576K
}
Event: 411,315 GC heap before
{Heap before GC invocations=821 (full 10):
 PSYoungGen      total 919552K, used 540224K [0x000000076ab00000, 0x00000007bf400000, 0x00000007c0000000)
  eden space 465920K, 100% used [0x000000076ab00000,0x0000000787200000,0x0000000787200000)
  from space 453632K, 16% used [0x00000007a3900000,0x00000007a8190040,0x00000007bf400000)
  to   space 459776K, 0% used [0x0000000787200000,0x0000000787200000,0x00000007a3300000)
 ParOldGen       total 1411072K, used 923543K [0x00000006c0000000, 0x0000000716200000, 0x000000076ab00000)
  object space 1411072K, 65% used [0x00000006c0000000,0x00000006f85e5e50,0x0000000716200000)
 Metaspace       used 91751K, capacity 92754K, committed 92760K, reserved 1128448K
  class space    used 13695K, capacity 13950K, committed 13952K, reserved 1048576K
Event: 411,343 GC heap after
Heap after GC invocations=821 (full 10):
 PSYoungGen      total 925696K, used 69216K [0x000000076ab00000, 0x00000007be600000, 0x00000007c0000000)
  eden space 465920K, 0% used [0x000000076ab00000,0x000000076ab00000,0x0000000787200000)
  from space 459776K, 15% used [0x0000000787200000,0x000000078b598020,0x00000007a3300000)
  to   space 443392K, 0% used [0x00000007a3500000,0x00000007a3500000,0x00000007be600000)
 ParOldGen       total 1411072K, used 978912K [0x00000006c0000000, 0x0000000716200000, 0x000000076ab00000)
  object space 1411072K, 69% used [0x00000006c0000000,0x00000006fbbf8378,0x0000000716200000)
 Metaspace       used 91751K, capacity 92754K, committed 92760K, reserved 1128448K
  class space    used 13695K, capacity 13950K, committed 13952K, reserved 1048576K
}

