# JRE version: OpenJDK Runtime Environment (8.0_162-b12) (build 1.8.0_162-8u162-b12-0ubuntu0.17.10.2-b12)
# Java VM: OpenJDK 64-Bit Server VM (25.162-b12 mixed mode linux-amd64 compressed oops)
Heap:
 PSYoungGen      total 815616K, used 0K [0x0000000775580000, 0x00000007c0000000, 0x00000007c0000000)
  eden space 408064K, 0% used [0x0000000775580000,0x0000000775580000,0x000000078e400000)
  from space 407552K, 0% used [0x00000007a7200000,0x00000007a7200000,0x00000007c0000000)
  to   space 407552K, 0% used [0x000000078e400000,0x000000078e400000,0x00000007a7200000)
 ParOldGen       total 2327040K, used 1909191K [0x00000006e0000000, 0x000000076e080000, 0x0000000775580000)
  object space 2327040K, 82% used [0x00000006e0000000,0x0000000754871db0,0x000000076e080000)
 Metaspace       used 93763K, capacity 94802K, committed 94936K, reserved 1130496K
  class space    used 14097K, capacity 14334K, committed 14336K, reserved 1048576K
GC Heap History (10 events):
Event: 1166,583 GC heap after
Heap after GC invocations=2562 (full 10):
 PSYoungGen      total 815616K, used 155709K [0x0000000775580000, 0x00000007c0000000, 0x00000007c0000000)
  eden space 408064K, 0% used [0x0000000775580000,0x0000000775580000,0x000000078e400000)
  from space 407552K, 38% used [0x00000007a7200000,0x00000007b0a0f6c8,0x00000007c0000000)
  to   space 407552K, 0% used [0x000000078e400000,0x000000078e400000,0x00000007a7200000)
 ParOldGen       total 2327040K, used 1904413K [0x00000006e0000000, 0x000000076e080000, 0x0000000775580000)
  object space 2327040K, 81% used [0x00000006e0000000,0x00000007543c7450,0x000000076e080000)
 Metaspace       used 93763K, capacity 94802K, committed 94936K, reserved 1130496K
  class space    used 14097K, capacity 14334K, committed 14336K, reserved 1048576K
}
Event: 1167,230 GC heap before
{Heap before GC invocations=2563 (full 10):
 PSYoungGen      total 815616K, used 563773K [0x0000000775580000, 0x00000007c0000000, 0x00000007c0000000)
  eden space 408064K, 100% used [0x0000000775580000,0x000000078e400000,0x000000078e400000)
  from space 407552K, 38% used [0x00000007a7200000,0x00000007b0a0f6c8,0x00000007c0000000)
  to   space 407552K, 0% used [0x000000078e400000,0x000000078e400000,0x00000007a7200000)
 ParOldGen       total 2327040K, used 1904418K [0x00000006e0000000, 0x000000076e080000, 0x0000000775580000)
  object space 2327040K, 81% used [0x00000006e0000000,0x00000007543c8800,0x000000076e080000)
 Metaspace       used 93763K, capacity 94802K, committed 94936K, reserved 1130496K
  class space    used 14097K, capacity 14334K, committed 14336K, reserved 1048576K
Event: 1167,278 GC heap after
Heap after GC invocations=2563 (full 10):
 PSYoungGen      total 815616K, used 240531K [0x0000000775580000, 0x00000007c0000000, 0x00000007c0000000)
  eden space 408064K, 0% used [0x0000000775580000,0x0000000775580000,0x000000078e400000)
  from space 407552K, 59% used [0x000000078e400000,0x000000079cee4de0,0x00000007a7200000)
  to   space 407552K, 0% used [0x00000007a7200000,0x00000007a7200000,0x00000007c0000000)
 ParOldGen       total 2327040K, used 1904418K [0x00000006e0000000, 0x000000076e080000, 0x0000000775580000)
  object space 2327040K, 81% used [0x00000006e0000000,0x00000007543c8800,0x000000076e080000)
 Metaspace       used 93763K, capacity 94802K, committed 94936K, reserved 1130496K
  class space    used 14097K, capacity 14334K, committed 14336K, reserved 1048576K
}
Event: 1167,459 GC heap before
{Heap before GC invocations=2564 (full 10):
 PSYoungGen      total 815616K, used 648595K [0x0000000775580000, 0x00000007c0000000, 0x00000007c0000000)
  eden space 408064K, 100% used [0x0000000775580000,0x000000078e400000,0x000000078e400000)
  from space 407552K, 59% used [0x000000078e400000,0x000000079cee4de0,0x00000007a7200000)
  to   space 407552K, 0% used [0x00000007a7200000,0x00000007a7200000,0x00000007c0000000)
 ParOldGen       total 2327040K, used 1904457K [0x00000006e0000000, 0x000000076e080000, 0x0000000775580000)
  object space 2327040K, 81% used [0x00000006e0000000,0x00000007543d2780,0x000000076e080000)
 Metaspace       used 93763K, capacity 94802K, committed 94936K, reserved 1130496K
  class space    used 14097K, capacity 14334K, committed 14336K, reserved 1048576K
Event: 1167,516 GC heap after
Heap after GC invocations=2564 (full 10):
 PSYoungGen      total 815616K, used 340705K [0x0000000775580000, 0x00000007c0000000, 0x00000007c0000000)
  eden space 408064K, 0% used [0x0000000775580000,0x0000000775580000,0x000000078e400000)
  from space 407552K, 83% used [0x00000007a7200000,0x00000007bbeb87e8,0x00000007c0000000)
  to   space 407552K, 0% used [0x000000078e400000,0x000000078e400000,0x00000007a7200000)
 ParOldGen       total 2327040K, used 1904457K [0x00000006e0000000, 0x000000076e080000, 0x0000000775580000)
  object space 2327040K, 81% used [0x00000006e0000000,0x00000007543d2780,0x000000076e080000)
 Metaspace       used 93763K, capacity 94802K, committed 94936K, reserved 1130496K
  class space    used 14097K, capacity 14334K, committed 14336K, reserved 1048576K
}
Event: 1167,669 GC heap before
{Heap before GC invocations=2565 (full 10):
 PSYoungGen      total 815616K, used 748769K [0x0000000775580000, 0x00000007c0000000, 0x00000007c0000000)
  eden space 408064K, 100% used [0x0000000775580000,0x000000078e400000,0x000000078e400000)
  from space 407552K, 83% used [0x00000007a7200000,0x00000007bbeb87e8,0x00000007c0000000)
  to   space 407552K, 0% used [0x000000078e400000,0x000000078e400000,0x00000007a7200000)
 ParOldGen       total 2327040K, used 1904457K [0x00000006e0000000, 0x000000076e080000, 0x0000000775580000)
  object space 2327040K, 81% used [0x00000006e0000000,0x00000007543d2780,0x000000076e080000)
 Metaspace       used 93763K, capacity 94802K, committed 94936K, reserved 1130496K
  class space    used 14097K, capacity 14334K, committed 14336K, reserved 1048576K
Event: 1167,953 GC heap after
Heap after GC invocations=2565 (full 10):
 PSYoungGen      total 815616K, used 373976K [0x0000000775580000, 0x00000007c0000000, 0x00000007c0000000)
  eden space 408064K, 0% used [0x0000000775580000,0x0000000775580000,0x000000078e400000)
  from space 407552K, 91% used [0x000000078e400000,0x00000007a5136358,0x00000007a7200000)
  to   space 407552K, 0% used [0x00000007a7200000,0x00000007a7200000,0x00000007c0000000)
 ParOldGen       total 2327040K, used 1975868K [0x00000006e0000000, 0x000000076e080000, 0x0000000775580000)
  object space 2327040K, 84% used [0x00000006e0000000,0x000000075898f390,0x000000076e080000)
 Metaspace       used 93763K, capacity 94802K, committed 94936K, reserved 1130496K
  class space    used 14097K, capacity 14334K, committed 14336K, reserved 1048576K
}
Event: 1168,186 GC heap before
{Heap before GC invocations=2566 (full 10):
 PSYoungGen      total 815616K, used 782040K [0x0000000775580000, 0x00000007c0000000, 0x00000007c0000000)
  eden space 408064K, 100% used [0x0000000775580000,0x000000078e400000,0x000000078e400000)
  from space 407552K, 91% used [0x000000078e400000,0x00000007a5136358,0x00000007a7200000)
  to   space 407552K, 0% used [0x00000007a7200000,0x00000007a7200000,0x00000007c0000000)
 ParOldGen       total 2327040K, used 1975868K [0x00000006e0000000, 0x000000076e080000, 0x0000000775580000)
  object space 2327040K, 84% used [0x00000006e0000000,0x000000075898f390,0x000000076e080000)
 Metaspace       used 93763K, capacity 94802K, committed 94936K, reserved 1130496K
  class space    used 14097K, capacity 14334K, committed 14336K, reserved 1048576K
Event: 1169,205 GC heap after
Heap after GC invocations=2566 (full 10):
 PSYoungGen      total 815616K, used 303355K [0x0000000775580000, 0x00000007c0000000, 0x00000007c0000000)
  eden space 408064K, 0% used [0x0000000775580000,0x0000000775580000,0x000000078e400000)
  from space 407552K, 74% used [0x00000007a7200000,0x00000007b9a3ef18,0x00000007c0000000)
  to   space 407552K, 0% used [0x000000078e400000,0x000000078e400000,0x00000007a7200000)
 ParOldGen       total 2327040K, used 2146355K [0x00000006e0000000, 0x000000076e080000, 0x0000000775580000)
  object space 2327040K, 92% used [0x00000006e0000000,0x000000076300ce90,0x000000076e080000)
 Metaspace       used 93763K, capacity 94802K, committed 94936K, reserved 1130496K
  class space    used 14097K, capacity 14334K, committed 14336K, reserved 1048576K
}
Event: 1169,987 GC heap before
{Heap before GC invocations=2567 (full 11):
 PSYoungGen      total 815616K, used 303355K [0x0000000775580000, 0x00000007c0000000, 0x00000007c0000000)
  eden space 408064K, 0% used [0x0000000775580000,0x0000000775580000,0x000000078e400000)
  from space 407552K, 74% used [0x00000007a7200000,0x00000007b9a3ef18,0x00000007c0000000)
  to   space 407552K, 0% used [0x000000078e400000,0x000000078e400000,0x00000007a7200000)
 ParOldGen       total 2327040K, used 2146355K [0x00000006e0000000, 0x000000076e080000, 0x0000000775580000)
  object space 2327040K, 92% used [0x00000006e0000000,0x000000076300ce90,0x000000076e080000)
 Metaspace       used 93763K, capacity 94802K, committed 94936K, reserved 1130496K
  class space    used 14097K, capacity 14334K, committed 14336K, reserved 1048576K

